[17:39:20] [main/WARN]: Ambiguity between arguments [teleport, destination] and [teleport, targets] with inputs: [Player, 0123, @e, dd12be42-52a9-4a91-a8a1-11c01849e498]
[17:39:20] [main/WARN]: Ambiguity between arguments [teleport, location] and [teleport, destination] with inputs: [0.1 -0.5 .9, 0 0 0]
[17:39:20] [main/WARN]: Ambiguity between arguments [teleport, location] and [teleport, targets] with inputs: [0.1 -0.5 .9, 0 0 0]
[17:39:20] [main/WARN]: Ambiguity between arguments [teleport, targets] and [teleport, destination] with inputs: [Player, 0123, dd12be42-52a9-4a91-a8a1-11c01849e498]
[17:39:20] [main/WARN]: Ambiguity between arguments [teleport, targets, location] and [teleport, targets, destination] with inputs: [0.1 -0.5 .9, 0 0 0]
[17:39:21] [Server thread/INFO]: Starting minecraft server version 1.15.1
[17:39:21] [Server thread/INFO]: Loading properties
[17:39:21] [Server thread/INFO]: Default game type: CREATIVE
[17:39:21] [Server thread/INFO]: Generating keypair
[17:39:21] [Server thread/INFO]: Starting Minecraft server on *:25565
[17:39:21] [Server thread/INFO]: Using epoll channel type
[17:39:21] [Server thread/WARN]: **** SERVER IS RUNNING IN OFFLINE/INSECURE MODE!
[17:39:21] [Server thread/WARN]: The server will make no attempt to authenticate usernames. Beware.
[17:39:21] [Server thread/WARN]: While this makes the game possible to play without internet access, it also opens up the ability for hackers to connect with any username they choose.
[17:39:21] [Server thread/WARN]: To change this, set "online-mode" to "true" in the server.properties file.
[17:39:21] [Server thread/INFO]: Preparing level "world"
[17:39:21] [Server thread/INFO]: Reloading ResourceManager: Default
[17:39:25] [Server thread/INFO]: Loaded 6 recipes
[17:39:26] [Server thread/INFO]: Loaded 825 advancements
[17:39:26] [Server thread/INFO]: Preparing start region for dimension minecraft:overworld
[17:39:27] [Server thread/INFO]: Preparing spawn area: 0%
[17:39:27] [Server thread/INFO]: Preparing spawn area: 0%
[17:39:27] [Server thread/INFO]: Preparing spawn area: 0%
[17:39:27] [Server thread/INFO]: Preparing spawn area: 22%
[17:39:29] [Server-Worker-7/INFO]: Preparing spawn area: 83%
[17:39:29] [Server-Worker-3/INFO]: Preparing spawn area: 83%
[17:39:29] [Server-Worker-4/INFO]: Preparing spawn area: 83%
[17:39:29] [Server-Worker-3/INFO]: Preparing spawn area: 83%
[17:39:30] [Server-Worker-4/INFO]: Preparing spawn area: 95%
[17:39:30] [Server-Worker-3/INFO]: Preparing spawn area: 95%
[17:39:31] [Server thread/INFO]: Time elapsed: 4949 ms
[17:39:31] [Server thread/INFO]: Done (9.788s)! For help, type "help"
[17:39:31] [Server thread/INFO]: Starting GS4 status listener
[17:39:31] [Server thread/INFO]: Starting remote control listener
[17:39:31] [Query Listener #1/INFO]: Query running on 0.0.0.0:25565
[17:39:31] [Server thread/WARN]: No rcon password set in server.properties, rcon disabled!
[17:39:45] [Server thread/INFO]: mico19[/36.72.216.98:11769] logged in with entity id 254 at (-146.19946036481403, 63.0, 152.283737652401)
[17:39:45] [Server thread/INFO]: mico19 joined the game
